android/app/build/intermediates/manifest_merge_blame_file/debug/manifest-merger-blame-debug-report.txt
1<?xml version="1.0" encoding="utf-8"?>
2<manifest xmlns:android="http://schemas.android.com/apk/res/android"
3    package="com.shopify"
4    android:versionCode="1"
5    android:versionName="1.0" >
6
7    <uses-sdk
8        android:minSdkVersion="21"
9        android:targetSdkVersion="30" />
10
11    <uses-permission android:name="android.permission.SYSTEM_ALERT_WINDOW" />
11-->src/debug/AndroidManifest.xml:5:5-77
11-->src/debug/AndroidManifest.xml:5:22-75
12    <uses-permission android:name="android.permission.INTERNET" />
12-->src/main/AndroidManifest.xml:4:5-67
12-->src/main/AndroidManifest.xml:4:22-64
13    <uses-permission android:name="android.permission.ACCESS_WIFI_STATE" />
13-->[com.facebook.flipper:flipper:0.93.0] AndroidManifest.xml:16:5-76
13-->[com.facebook.flipper:flipper:0.93.0] AndroidManifest.xml:16:22-73
14    <uses-permission android:name="android.permission.ACCESS_NETWORK_STATE" />
14-->[:react-native-community_netinfo] AndroidManifest.xml:9:5-79
14-->[:react-native-community_netinfo] AndroidManifest.xml:9:22-76
15
16    <queries>
16-->[:react-native-image-crop-picker] AndroidManifest.xml:9:5-13:15
17        <intent>
17-->[:react-native-image-crop-picker] AndroidManifest.xml:10:9-12:18
18            <action android:name="android.media.action.IMAGE_CAPTURE" />
18-->[:react-native-image-crop-picker] AndroidManifest.xml:11:13-73
18-->[:react-native-image-crop-picker] AndroidManifest.xml:11:21-70
19        </intent>
20    </queries>
21
22    <uses-permission android:name="android.permission.WRITE_EXTERNAL_STORAGE" />
22-->[:react-native-image-crop-picker] AndroidManifest.xml:15:5-81
22-->[:react-native-image-crop-picker] AndroidManifest.xml:15:22-78
23
24    <application
24-->src/main/AndroidManifest.xml:6:5-24:19
25        android:name="com.shopify.MainApplication"
25-->src/main/AndroidManifest.xml:7:7-38
26        android:allowBackup="false"
26-->src/main/AndroidManifest.xml:11:7-34
27        android:appComponentFactory="androidx.core.app.CoreComponentFactory"
27-->[androidx.core:core:1.6.0] AndroidManifest.xml:24:18-86
28        android:debuggable="true"
29        android:icon="@mipmap/ic_launcher"
29-->src/main/AndroidManifest.xml:9:7-41
30        android:label="@string/app_name"
30-->src/main/AndroidManifest.xml:8:7-39
31        android:roundIcon="@mipmap/ic_launcher_round"
31-->src/main/AndroidManifest.xml:10:7-52
32        android:theme="@style/AppTheme"
32-->src/main/AndroidManifest.xml:12:7-38
33        android:usesCleartextTraffic="true" >
33-->src/debug/AndroidManifest.xml:8:9-44
34        <activity android:name="com.facebook.react.devsupport.DevSettingsActivity" />
34-->src/debug/AndroidManifest.xml:11:9-86
34-->src/debug/AndroidManifest.xml:11:19-83
35        <activity
35-->src/main/AndroidManifest.xml:13:7-23:18
36            android:name="com.shopify.MainActivity"
36-->src/main/AndroidManifest.xml:14:9-37
37            android:configChanges="keyboard|keyboardHidden|orientation|screenSize|uiMode"
37-->src/main/AndroidManifest.xml:16:9-86
38            android:label="@string/app_name"
38-->src/main/AndroidManifest.xml:15:9-41
39            android:launchMode="singleTask"
39-->src/main/AndroidManifest.xml:17:9-40
40            android:windowSoftInputMode="adjustResize" >
40-->src/main/AndroidManifest.xml:18:9-51
41            <intent-filter>
41-->src/main/AndroidManifest.xml:19:9-22:25
42                <action android:name="android.intent.action.MAIN" />
42-->src/main/AndroidManifest.xml:20:13-65
42-->src/main/AndroidManifest.xml:20:21-62
43
44                <category android:name="android.intent.category.LAUNCHER" />
44-->src/main/AndroidManifest.xml:21:13-73
44-->src/main/AndroidManifest.xml:21:23-70
45            </intent-filter>
46        </activity>
47
48        <provider
48-->[:react-native-image-crop-picker] AndroidManifest.xml:18:9-26:20
49            android:name="androidx.core.content.FileProvider"
49-->[:react-native-image-crop-picker] AndroidManifest.xml:19:13-62
50            android:authorities="com.shopify.provider"
50-->[:react-native-image-crop-picker] AndroidManifest.xml:20:13-60
51            android:exported="false"
51-->[:react-native-image-crop-picker] AndroidManifest.xml:21:13-37
52            android:grantUriPermissions="true" >
52-->[:react-native-image-crop-picker] AndroidManifest.xml:22:13-47
53            <meta-data
53-->[:react-native-image-crop-picker] AndroidManifest.xml:23:13-25:58
54                android:name="android.support.FILE_PROVIDER_PATHS"
54-->[:react-native-image-crop-picker] AndroidManifest.xml:24:17-67
55                android:resource="@xml/provider_paths" />
55-->[:react-native-image-crop-picker] AndroidManifest.xml:25:17-55
56        </provider>
57
58        <activity
58-->[:react-native-image-crop-picker] AndroidManifest.xml:28:9-30:72
59            android:name="com.yalantis.ucrop.UCropActivity"
59-->[:react-native-image-crop-picker] AndroidManifest.xml:29:13-60
60            android:theme="@style/Theme.AppCompat.Light.NoActionBar" />
60-->[:react-native-image-crop-picker] AndroidManifest.xml:30:13-69
61
62        <provider
62-->[:react-native-webview] AndroidManifest.xml:10:9-18:20
63            android:name="com.reactnativecommunity.webview.RNCWebViewFileProvider"
63-->[:react-native-webview] AndroidManifest.xml:11:13-83
64            android:authorities="com.shopify.fileprovider"
64-->[:react-native-webview] AndroidManifest.xml:12:13-64
65            android:exported="false"
65-->[:react-native-webview] AndroidManifest.xml:13:13-37
66            android:grantUriPermissions="true" >
66-->[:react-native-webview] AndroidManifest.xml:14:13-47
67            <meta-data
67-->[:react-native-image-crop-picker] AndroidManifest.xml:23:13-25:58
68                android:name="android.support.FILE_PROVIDER_PATHS"
68-->[:react-native-image-crop-picker] AndroidManifest.xml:24:17-67
69                android:resource="@xml/file_provider_paths" />
69-->[:react-native-image-crop-picker] AndroidManifest.xml:25:17-55
70        </provider>
71    </application>
72
73</manifest>